<?xml version="1.0" encoding="UTF-8"?>
<!-- Generated by org.testng.reporters.JUnitXMLReporter -->
<testsuite hostname="ESL008" ignored="0" name="firefox_remote" tests="1" failures="0" timestamp="15 Jul 2019 14:13:51 GMT" time="1.374" errors="0">
  <testcase name="@BeforeClass init" time="1.258" classname="com.automationcalling.testsuites.BasicTests">
    <failure type="org.openqa.selenium.WebDriverException" message="Unable to parse remote response: &amp;lt;html&amp;gt;&amp;lt;head&amp;gt;&amp;lt;script src=&amp;apos;/grid/resources/org/openqa/grid/images/jquery-3.1.1.min.js&amp;apos;&amp;gt;&amp;lt;/script&amp;gt;&amp;lt;script src=&amp;apos;/grid/resources/org/openqa/grid/images/consoleservlet.js&amp;apos;&amp;gt;&amp;lt;/script&amp;gt;&amp;lt;link href=&amp;apos;/grid/resources/org/openqa/grid/images/consoleservlet.css&amp;apos; rel=&amp;apos;stylesheet&amp;apos; type=&amp;apos;text/css&amp;apos; /&amp;gt;&amp;lt;link href=&amp;apos;/grid/resources/org/openqa/grid/images/favicon.ico&amp;apos; rel=&amp;apos;icon&amp;apos; type=&amp;apos;image/x-icon&amp;apos; /&amp;gt;&amp;lt;title&amp;gt;Grid Console&amp;lt;/title&amp;gt;&amp;lt;style&amp;gt;.busy { opacity : 0.4;filter: alpha(opacity=40);}&amp;lt;/style&amp;gt;&amp;lt;/head&amp;gt;&amp;lt;body&amp;gt;&amp;lt;div id=&amp;apos;main-content&amp;apos;&amp;gt;&amp;lt;div id=&amp;apos;header&amp;apos;&amp;gt;&amp;lt;h1&amp;gt;&amp;lt;a href=&amp;apos;/grid/console&amp;apos;&amp;gt;Selenium&amp;lt;/a&amp;gt;&amp;lt;/h1&amp;gt;&amp;lt;h2&amp;gt;Grid Console v.3.141.59&amp;lt;/h2&amp;gt;&amp;lt;div&amp;gt;&amp;lt;a id=&amp;apos;helplink&amp;apos; target=&amp;apos;_blank&amp;apos; href=&amp;apos;https://github.com/SeleniumHQ/selenium/wiki/Grid2&amp;apos;&amp;gt;Help&amp;lt;/a&amp;gt;&amp;lt;/div&amp;gt;&amp;lt;/div&amp;gt;&amp;lt;div id=&amp;apos;left-column&amp;apos;&amp;gt;&amp;lt;div class=&amp;apos;proxy&amp;apos;&amp;gt;&amp;lt;p class=&amp;apos;proxyname&amp;apos;&amp;gt;DefaultRemoteProxy (version : 3.141.59)&amp;lt;p class=&amp;apos;proxyid&amp;apos;&amp;gt;id : http://172.17.0.3:5555, OS : LINUX&amp;lt;/p&amp;gt;&amp;lt;div class=&amp;apos;tabs&amp;apos;&amp;gt;&amp;lt;ul&amp;gt;&amp;lt;li class=&amp;apos;tab&amp;apos; type=&amp;apos;browsers&amp;apos;&amp;gt;&amp;lt;a title=&amp;apos;test slots&amp;apos; href=&amp;apos;#&amp;apos;&amp;gt;Browsers&amp;lt;/a&amp;gt;&amp;lt;/li&amp;gt;&amp;lt;li class=&amp;apos;tab&amp;apos; type=&amp;apos;config&amp;apos;&amp;gt;&amp;lt;a title=&amp;apos;node configuration&amp;apos; href=&amp;apos;#&amp;apos;&amp;gt;Configuration&amp;lt;/a&amp;gt;&amp;lt;/li&amp;gt;&amp;lt;/ul&amp;gt;&amp;lt;/div&amp;gt;&amp;lt;div class=&amp;apos;content&amp;apos;&amp;gt;&amp;lt;div type=&amp;apos;browsers&amp;apos; class=&amp;apos;content_detail&amp;apos;&amp;gt;&amp;lt;p class=&amp;apos;protocol&amp;apos; &amp;gt;WebDriver&amp;lt;/p&amp;gt;&amp;lt;p&amp;gt;v:75.0.3770.100&amp;lt;img src=&amp;apos;/grid/resources/org/openqa/grid/images/chrome.png&amp;apos; width=&amp;apos;16&amp;apos; height=&amp;apos;16&amp;apos; title=&amp;apos;{server:CONFIG_UUID=53842fac-9066-414c-bd0d-1eacb2df16df, seleniumProtocol=WebDriver, browserName=chrome, maxInstances=1, platformName=LINUX, version=75.0.3770.100, applicationName=, platform=LINUX}&amp;apos; /&amp;gt;
&amp;lt;/p&amp;gt;&amp;lt;/div&amp;gt;&amp;lt;div type=&amp;apos;config&amp;apos; class=&amp;apos;content_detail&amp;apos;&amp;gt;&amp;lt;p&amp;gt;browserTimeout: 0&amp;lt;/p&amp;gt;&amp;lt;p&amp;gt;debug: false&amp;lt;/p&amp;gt;&amp;lt;p&amp;gt;jettyMaxThreads: -1&amp;lt;/p&amp;gt;&amp;lt;p&amp;gt;host: 172.17.0.3&amp;lt;/p&amp;gt;&amp;lt;p&amp;gt;port: 5555&amp;lt;/p&amp;gt;&amp;lt;p&amp;gt;role: node&amp;lt;/p&amp;gt;&amp;lt;p&amp;gt;timeout: 1800&amp;lt;/p&amp;gt;&amp;lt;p&amp;gt;cleanUpCycle: 5000&amp;lt;/p&amp;gt;&amp;lt;p&amp;gt;maxSession: 1&amp;lt;/p&amp;gt;&amp;lt;p&amp;gt;capabilities: Capabilities {applicationName: , browserName: chrome, maxInstances: 1, platform: LINUX, platformName: LINUX, seleniumProtocol: WebDriver, server:CONFIG_UUID: 53842fac-9066-414c-bd0d-1ea..., version: 75.0.3770.100}&amp;lt;/p&amp;gt;&amp;lt;p&amp;gt;downPollingLimit: 2&amp;lt;/p&amp;gt;&amp;lt;p&amp;gt;hub: http://172.17.0.2:4444/grid/register&amp;lt;/p&amp;gt;&amp;lt;p&amp;gt;id: http://172.17.0.3:5555&amp;lt;/p&amp;gt;&amp;lt;p&amp;gt;nodePolling: 5000&amp;lt;/p&amp;gt;&amp;lt;p&amp;gt;nodeStatusCheckTimeout: 5000&amp;lt;/p&amp;gt;&amp;lt;p&amp;gt;proxy: org.openqa.grid.selenium.proxy.DefaultRemoteProxy&amp;lt;/p&amp;gt;&amp;lt;p&amp;gt;register: true&amp;lt;/p&amp;gt;&amp;lt;p&amp;gt;registerCycle: 5000&amp;lt;/p&amp;gt;&amp;lt;p&amp;gt;remoteHost: http://172.17.0.3:5555&amp;lt;/p&amp;gt;&amp;lt;p&amp;gt;unregisterIfStillDownAfter: 60000&amp;lt;/p&amp;gt;&amp;lt;/div&amp;gt;&amp;lt;/div&amp;gt;&amp;lt;/div&amp;gt;&amp;lt;div class=&amp;apos;proxy&amp;apos;&amp;gt;&amp;lt;p class=&amp;apos;proxyname&amp;apos;&amp;gt;DefaultRemoteProxy (version : 3.141.59)&amp;lt;p class=&amp;apos;proxyid&amp;apos;&amp;gt;id : http://172.17.0.4:5555, OS : LINUX&amp;lt;/p&amp;gt;&amp;lt;div class=&amp;apos;tabs&amp;apos;&amp;gt;&amp;lt;ul&amp;gt;&amp;lt;li class=&amp;apos;tab&amp;apos; type=&amp;apos;browsers&amp;apos;&amp;gt;&amp;lt;a title=&amp;apos;test slots&amp;apos; href=&amp;apos;#&amp;apos;&amp;gt;Browsers&amp;lt;/a&amp;gt;&amp;lt;/li&amp;gt;&amp;lt;li class=&amp;apos;tab&amp;apos; type=&amp;apos;config&amp;apos;&amp;gt;&amp;lt;a title=&amp;apos;node configuration&amp;apos; href=&amp;apos;#&amp;apos;&amp;gt;Configuration&amp;lt;/a&amp;gt;&amp;lt;/li&amp;gt;&amp;lt;/ul&amp;gt;&amp;lt;/div&amp;gt;&amp;lt;div class=&amp;apos;content&amp;apos;&amp;gt;&amp;lt;div type=&amp;apos;browsers&amp;apos; class=&amp;apos;content_detail&amp;apos;&amp;gt;&amp;lt;p class=&amp;apos;protocol&amp;apos; &amp;gt;WebDriver&amp;lt;/p&amp;gt;&amp;lt;p&amp;gt;v:68.0&amp;lt;img src=&amp;apos;/grid/resources/org/openqa/grid/images/firefox.png&amp;apos; width=&amp;apos;16&amp;apos; height=&amp;apos;16&amp;apos; title=&amp;apos;{server:CONFIG_UUID=e6758fc5-1b03-40c1-9566-0de2e14665ed, seleniumProtocol=WebDriver, browserName=firefox, maxInstances=1, moz:firefoxOptions={log={level=info}}, platformName=LINUX, version=68.0, applicationName=, platform=LINUX}&amp;apos; /&amp;gt;
&amp;lt;/p&amp;gt;&amp;lt;/div&amp;gt;&amp;lt;div type=&amp;apos;config&amp;apos; class=&amp;apos;content_detail&amp;apos;&amp;gt;&amp;lt;p&amp;gt;browserTimeout: 0&amp;lt;/p&amp;gt;&amp;lt;p&amp;gt;debug: false&amp;lt;/p&amp;gt;&amp;lt;p&amp;gt;jettyMaxThreads: -1&amp;lt;/p&amp;gt;&amp;lt;p&amp;gt;host: 172.17.0.4&amp;lt;/p&amp;gt;&amp;lt;p&amp;gt;port: 5555&amp;lt;/p&amp;gt;&amp;lt;p&amp;gt;role: node&amp;lt;/p&amp;gt;&amp;lt;p&amp;gt;timeout: 1800&amp;lt;/p&amp;gt;&amp;lt;p&amp;gt;cleanUpCycle: 5000&amp;lt;/p&amp;gt;&amp;lt;p&amp;gt;maxSession: 1&amp;lt;/p&amp;gt;&amp;lt;p&amp;gt;capabilities: Capabilities {applicationName: , browserName: firefox, maxInstances: 1, moz:firefoxOptions: {log: {level: info}}, platform: LINUX, platformName: LINUX, seleniumProtocol: WebDriver, server:CONFIG_UUID: e6758fc5-1b03-40c1-9566-0de..., version: 68.0}&amp;lt;/p&amp;gt;&amp;lt;p&amp;gt;downPollingLimit: 2&amp;lt;/p&amp;gt;&amp;lt;p&amp;gt;hub: http://172.17.0.2:4444/grid/register&amp;lt;/p&amp;gt;&amp;lt;p&amp;gt;id: http://172.17.0.4:5555&amp;lt;/p&amp;gt;&amp;lt;p&amp;gt;nodePolling: 5000&amp;lt;/p&amp;gt;&amp;lt;p&amp;gt;nodeStatusCheckTimeout: 5000&amp;lt;/p&amp;gt;&amp;lt;p&amp;gt;proxy: org.openqa.grid.selenium.proxy.DefaultRemoteProxy&amp;lt;/p&amp;gt;&amp;lt;p&amp;gt;register: true&amp;lt;/p&amp;gt;&amp;lt;p&amp;gt;registerCycle: 5000&amp;lt;/p&amp;gt;&amp;lt;p&amp;gt;remoteHost: http://172.17.0.4:5555&amp;lt;/p&amp;gt;&amp;lt;p&amp;gt;unregisterIfStillDownAfter: 60000&amp;lt;/p&amp;gt;&amp;lt;/div&amp;gt;&amp;lt;/div&amp;gt;&amp;lt;/div&amp;gt;&amp;lt;/div&amp;gt;&amp;lt;div id=&amp;apos;right-column&amp;apos;&amp;gt;&amp;lt;div class=&amp;apos;proxy&amp;apos;&amp;gt;&amp;lt;p class=&amp;apos;proxyname&amp;apos;&amp;gt;DefaultRemoteProxy (version : 3.141.59)&amp;lt;p class=&amp;apos;proxyid&amp;apos;&amp;gt;id : http://172.17.0.5:5555, OS : LINUX&amp;lt;/p&amp;gt;&amp;lt;div class=&amp;apos;tabs&amp;apos;&amp;gt;&amp;lt;ul&amp;gt;&amp;lt;li class=&amp;apos;tab&amp;apos; type=&amp;apos;browsers&amp;apos;&amp;gt;&amp;lt;a title=&amp;apos;test slots&amp;apos; href=&amp;apos;#&amp;apos;&amp;gt;Browsers&amp;lt;/a&amp;gt;&amp;lt;/li&amp;gt;&amp;lt;li class=&amp;apos;tab&amp;apos; type=&amp;apos;config&amp;apos;&amp;gt;&amp;lt;a title=&amp;apos;node configuration&amp;apos; href=&amp;apos;#&amp;apos;&amp;gt;Configuration&amp;lt;/a&amp;gt;&amp;lt;/li&amp;gt;&amp;lt;/ul&amp;gt;&amp;lt;/div&amp;gt;&amp;lt;div class=&amp;apos;content&amp;apos;&amp;gt;&amp;lt;div type=&amp;apos;browsers&amp;apos; class=&amp;apos;content_detail&amp;apos;&amp;gt;&amp;lt;p class=&amp;apos;protocol&amp;apos; &amp;gt;WebDriver&amp;lt;/p&amp;gt;&amp;lt;p&amp;gt;v:75.0.3770.100&amp;lt;img src=&amp;apos;/grid/resources/org/openqa/grid/images/chrome.png&amp;apos; width=&amp;apos;16&amp;apos; height=&amp;apos;16&amp;apos; title=&amp;apos;{server:CONFIG_UUID=f31c6dad-5ba0-4cef-b7c5-9d0aefd999ec, seleniumProtocol=WebDriver, browserName=chrome, maxInstances=1, platformName=LINUX, version=75.0.3770.100, applicationName=, platform=LINUX}&amp;apos; /&amp;gt;
&amp;lt;/p&amp;gt;&amp;lt;/div&amp;gt;&amp;lt;div type=&amp;apos;config&amp;apos; class=&amp;apos;content_detail&amp;apos;&amp;gt;&amp;lt;p&amp;gt;browserTimeout: 0&amp;lt;/p&amp;gt;&amp;lt;p&amp;gt;debug: false&amp;lt;/p&amp;gt;&amp;lt;p&amp;gt;jettyMaxThreads: -1&amp;lt;/p&amp;gt;&amp;lt;p&amp;gt;host: 172.17.0.5&amp;lt;/p&amp;gt;&amp;lt;p&amp;gt;port: 5555&amp;lt;/p&amp;gt;&amp;lt;p&amp;gt;role: node&amp;lt;/p&amp;gt;&amp;lt;p&amp;gt;timeout: 1800&amp;lt;/p&amp;gt;&amp;lt;p&amp;gt;cleanUpCycle: 5000&amp;lt;/p&amp;gt;&amp;lt;p&amp;gt;maxSession: 1&amp;lt;/p&amp;gt;&amp;lt;p&amp;gt;capabilities: Capabilities {applicationName: , browserName: chrome, maxInstances: 1, platform: LINUX, platformName: LINUX, seleniumProtocol: WebDriver, server:CONFIG_UUID: f31c6dad-5ba0-4cef-b7c5-9d0..., version: 75.0.3770.100}&amp;lt;/p&amp;gt;&amp;lt;p&amp;gt;downPollingLimit: 2&amp;lt;/p&amp;gt;&amp;lt;p&amp;gt;hub: http://172.17.0.2:4444/grid/register&amp;lt;/p&amp;gt;&amp;lt;p&amp;gt;id: http://172.17.0.5:5555&amp;lt;/p&amp;gt;&amp;lt;p&amp;gt;nodePolling: 5000&amp;lt;/p&amp;gt;&amp;lt;p&amp;gt;nodeStatusCheckTimeout: 5000&amp;lt;/p&amp;gt;&amp;lt;p&amp;gt;proxy: org.openqa.grid.selenium.proxy.DefaultRemoteProxy&amp;lt;/p&amp;gt;&amp;lt;p&amp;gt;register: true&amp;lt;/p&amp;gt;&amp;lt;p&amp;gt;registerCycle: 5000&amp;lt;/p&amp;gt;&amp;lt;p&amp;gt;remoteHost: http://172.17.0.5:5555&amp;lt;/p&amp;gt;&amp;lt;p&amp;gt;unregisterIfStillDownAfter: 60000&amp;lt;/p&amp;gt;&amp;lt;/div&amp;gt;&amp;lt;/div&amp;gt;&amp;lt;/div&amp;gt;&amp;lt;div class=&amp;apos;proxy&amp;apos;&amp;gt;&amp;lt;p class=&amp;apos;proxyname&amp;apos;&amp;gt;DefaultRemoteProxy (version : 3.141.59)&amp;lt;p class=&amp;apos;proxyid&amp;apos;&amp;gt;id : http://172.17.0.6:5555, OS : LINUX&amp;lt;/p&amp;gt;&amp;lt;div class=&amp;apos;tabs&amp;apos;&amp;gt;&amp;lt;ul&amp;gt;&amp;lt;li class=&amp;apos;tab&amp;apos; type=&amp;apos;browsers&amp;apos;&amp;gt;&amp;lt;a title=&amp;apos;test slots&amp;apos; href=&amp;apos;#&amp;apos;&amp;gt;Browsers&amp;lt;/a&amp;gt;&amp;lt;/li&amp;gt;&amp;lt;li class=&amp;apos;tab&amp;apos; type=&amp;apos;config&amp;apos;&amp;gt;&amp;lt;a title=&amp;apos;node configuration&amp;apos; href=&amp;apos;#&amp;apos;&amp;gt;Configuration&amp;lt;/a&amp;gt;&amp;lt;/li&amp;gt;&amp;lt;/ul&amp;gt;&amp;lt;/div&amp;gt;&amp;lt;div class=&amp;apos;content&amp;apos;&amp;gt;&amp;lt;div type=&amp;apos;browsers&amp;apos; class=&amp;apos;content_detail&amp;apos;&amp;gt;&amp;lt;p class=&amp;apos;protocol&amp;apos; &amp;gt;WebDriver&amp;lt;/p&amp;gt;&amp;lt;p&amp;gt;v:68.0&amp;lt;img src=&amp;apos;/grid/resources/org/openqa/grid/images/firefox.png&amp;apos; width=&amp;apos;16&amp;apos; height=&amp;apos;16&amp;apos; title=&amp;apos;{server:CONFIG_UUID=6bc24c89-ef50-410b-8302-f88f89ffee31, seleniumProtocol=WebDriver, browserName=firefox, maxInstances=1, moz:firefoxOptions={log={level=info}}, platformName=LINUX, version=68.0, applicationName=, platform=LINUX}&amp;apos; /&amp;gt;
&amp;lt;/p&amp;gt;&amp;lt;/div&amp;gt;&amp;lt;div type=&amp;apos;config&amp;apos; class=&amp;apos;content_detail&amp;apos;&amp;gt;&amp;lt;p&amp;gt;browserTimeout: 0&amp;lt;/p&amp;gt;&amp;lt;p&amp;gt;debug: false&amp;lt;/p&amp;gt;&amp;lt;p&amp;gt;jettyMaxThreads: -1&amp;lt;/p&amp;gt;&amp;lt;p&amp;gt;host: 172.17.0.6&amp;lt;/p&amp;gt;&amp;lt;p&amp;gt;port: 5555&amp;lt;/p&amp;gt;&amp;lt;p&amp;gt;role: node&amp;lt;/p&amp;gt;&amp;lt;p&amp;gt;timeout: 1800&amp;lt;/p&amp;gt;&amp;lt;p&amp;gt;cleanUpCycle: 5000&amp;lt;/p&amp;gt;&amp;lt;p&amp;gt;maxSession: 1&amp;lt;/p&amp;gt;&amp;lt;p&amp;gt;capabilities: Capabilities {applicationName: , browserName: firefox, maxInstances: 1, moz:firefoxOptions: {log: {level: info}}, platform: LINUX, platformName: LINUX, seleniumProtocol: WebDriver, server:CONFIG_UUID: 6bc24c89-ef50-410b-8302-f88..., version: 68.0}&amp;lt;/p&amp;gt;&amp;lt;p&amp;gt;downPollingLimit: 2&amp;lt;/p&amp;gt;&amp;lt;p&amp;gt;hub: http://172.17.0.2:4444/grid/register&amp;lt;/p&amp;gt;&amp;lt;p&amp;gt;id: http://172.17.0.6:5555&amp;lt;/p&amp;gt;&amp;lt;p&amp;gt;nodePolling: 5000&amp;lt;/p&amp;gt;&amp;lt;p&amp;gt;nodeStatusCheckTimeout: 5000&amp;lt;/p&amp;gt;&amp;lt;p&amp;gt;proxy: org.openqa.grid.selenium.proxy.DefaultRemoteProxy&amp;lt;/p&amp;gt;&amp;lt;p&amp;gt;register: true&amp;lt;/p&amp;gt;&amp;lt;p&amp;gt;registerCycle: 5000&amp;lt;/p&amp;gt;&amp;lt;p&amp;gt;remoteHost: http://172.17.0.6:5555&amp;lt;/p&amp;gt;&amp;lt;p&amp;gt;unregisterIfStillDownAfter: 60000&amp;lt;/p&amp;gt;&amp;lt;/div&amp;gt;&amp;lt;/div&amp;gt;&amp;lt;/div&amp;gt;&amp;lt;/div&amp;gt;&amp;lt;div class=&amp;apos;clearfix&amp;apos;&amp;gt;&amp;lt;/div&amp;gt;&amp;lt;div&amp;gt;&amp;lt;ul&amp;gt;&amp;lt;/ul&amp;gt;&amp;lt;/div&amp;gt;&amp;lt;div id=&amp;apos;hub-config-container&amp;apos;&amp;gt;&amp;lt;div id=&amp;apos;hub-config-content&amp;apos;&amp;gt;&amp;lt;b&amp;gt;Config for the hub :&amp;lt;/b&amp;gt;&amp;lt;br/&amp;gt;&amp;lt;abbr title=&amp;apos;browserTimeout&amp;apos;&amp;gt;browserTimeout : &amp;lt;/abbr&amp;gt;0&amp;lt;/br&amp;gt;&amp;lt;abbr title=&amp;apos;debug&amp;apos;&amp;gt;debug : &amp;lt;/abbr&amp;gt;false&amp;lt;/br&amp;gt;&amp;lt;abbr title=&amp;apos;jettyMaxThreads&amp;apos;&amp;gt;jettyMaxThreads : &amp;lt;/abbr&amp;gt;-1&amp;lt;/br&amp;gt;&amp;lt;abbr title=&amp;apos;host&amp;apos;&amp;gt;host : &amp;lt;/abbr&amp;gt;172.17.0.2&amp;lt;/br&amp;gt;&amp;lt;abbr title=&amp;apos;port&amp;apos;&amp;gt;port : &amp;lt;/abbr&amp;gt;4444&amp;lt;/br&amp;gt;&amp;lt;abbr title=&amp;apos;role&amp;apos;&amp;gt;role : &amp;lt;/abbr&amp;gt;hub&amp;lt;/br&amp;gt;&amp;lt;abbr title=&amp;apos;timeout&amp;apos;&amp;gt;timeout : &amp;lt;/abbr&amp;gt;1800&amp;lt;/br&amp;gt;&amp;lt;abbr title=&amp;apos;cleanUpCycle&amp;apos;&amp;gt;cleanUpCycle : &amp;lt;/abbr&amp;gt;5000&amp;lt;/br&amp;gt;&amp;lt;abbr title=&amp;apos;capabilityMatcher&amp;apos;&amp;gt;capabilityMatcher : &amp;lt;/abbr&amp;gt;org.openqa.grid.internal.utils.DefaultCapabilityMatcher&amp;lt;/br&amp;gt;&amp;lt;abbr title=&amp;apos;newSessionWaitTimeout&amp;apos;&amp;gt;newSessionWaitTimeout : &amp;lt;/abbr&amp;gt;-1&amp;lt;/br&amp;gt;&amp;lt;abbr title=&amp;apos;throwOnCapabilityNotPresent&amp;apos;&amp;gt;throwOnCapabilityNotPresent : &amp;lt;/abbr&amp;gt;true&amp;lt;/br&amp;gt;&amp;lt;abbr title=&amp;apos;registry&amp;apos;&amp;gt;registry : &amp;lt;/abbr&amp;gt;org.openqa.grid.internal.DefaultGridRegistry&amp;lt;/br&amp;gt;&amp;lt;div id=&amp;apos;verbose-config-container&amp;apos;&amp;gt;&amp;lt;a id=&amp;apos;verbose-config-view-toggle&amp;apos; href=&amp;apos;#&amp;apos;&amp;gt;View Verbose&amp;lt;/a&amp;gt;&amp;lt;div id=&amp;apos;verbose-config-content&amp;apos;&amp;gt;&amp;lt;br/&amp;gt;&amp;lt;b&amp;gt;The final configuration comes from:&amp;lt;/b&amp;gt;&amp;lt;br/&amp;gt;&amp;lt;b&amp;gt;the default :&amp;lt;/b&amp;gt;&amp;lt;br/&amp;gt;&amp;lt;abbr title=&amp;apos;browserTimeout&amp;apos;&amp;gt;browserTimeout : &amp;lt;/abbr&amp;gt;0&amp;lt;/br&amp;gt;&amp;lt;abbr title=&amp;apos;debug&amp;apos;&amp;gt;debug : &amp;lt;/abbr&amp;gt;false&amp;lt;/br&amp;gt;&amp;lt;abbr title=&amp;apos;host&amp;apos;&amp;gt;host : &amp;lt;/abbr&amp;gt;0.0.0.0&amp;lt;/br&amp;gt;&amp;lt;abbr title=&amp;apos;port&amp;apos;&amp;gt;port : &amp;lt;/abbr&amp;gt;4444&amp;lt;/br&amp;gt;&amp;lt;abbr title=&amp;apos;role&amp;apos;&amp;gt;role : &amp;lt;/abbr&amp;gt;hub&amp;lt;/br&amp;gt;&amp;lt;abbr title=&amp;apos;timeout&amp;apos;&amp;gt;timeout : &amp;lt;/abbr&amp;gt;1800&amp;lt;/br&amp;gt;&amp;lt;abbr title=&amp;apos;cleanUpCycle&amp;apos;&amp;gt;cleanUpCycle : &amp;lt;/abbr&amp;gt;5000&amp;lt;/br&amp;gt;&amp;lt;abbr title=&amp;apos;capabilityMatcher&amp;apos;&amp;gt;capabilityMatcher : &amp;lt;/abbr&amp;gt;org.openqa.grid.internal.utils.DefaultCapabilityMatcher&amp;lt;/br&amp;gt;&amp;lt;abbr title=&amp;apos;newSessionWaitTimeout&amp;apos;&amp;gt;newSessionWaitTimeout : &amp;lt;/abbr&amp;gt;-1&amp;lt;/br&amp;gt;&amp;lt;abbr title=&amp;apos;throwOnCapabilityNotPresent&amp;apos;&amp;gt;throwOnCapabilityNotPresent : &amp;lt;/abbr&amp;gt;true&amp;lt;/br&amp;gt;&amp;lt;abbr title=&amp;apos;registry&amp;apos;&amp;gt;registry : &amp;lt;/abbr&amp;gt;org.openqa.grid.internal.DefaultGridRegistry&amp;lt;/br&amp;gt;&amp;lt;b&amp;gt;updated with command line options:&amp;lt;/b&amp;gt;&amp;lt;br/&amp;gt;-role hub -hubConfig /opt/selenium/config.json&amp;lt;br/&amp;gt;&amp;lt;b&amp;gt;and configuration loaded from /opt/selenium/config.json:&amp;lt;/b&amp;gt;&amp;lt;br/&amp;gt;{&amp;lt;br/&amp;gt;  &amp;quot;host&amp;quot;: &amp;quot;0.0.0.0&amp;quot;,&amp;lt;br/&amp;gt;  &amp;quot;port&amp;quot;: 4444,&amp;lt;br/&amp;gt;  &amp;quot;role&amp;quot;: &amp;quot;hub&amp;quot;,&amp;lt;br/&amp;gt;  &amp;quot;maxSession&amp;quot;: 5,&amp;lt;br/&amp;gt;  &amp;quot;newSessionWaitTimeout&amp;quot;: -1,&amp;lt;br/&amp;gt;  &amp;quot;capabilityMatcher&amp;quot;: &amp;quot;org.openqa.grid.internal.utils.DefaultCapabilityMatcher&amp;quot;,&amp;lt;br/&amp;gt;  &amp;quot;throwOnCapabilityNotPresent&amp;quot;: true,&amp;lt;br/&amp;gt;  &amp;quot;jettyMaxThreads&amp;quot;: -1,&amp;lt;br/&amp;gt;  &amp;quot;cleanUpCycle&amp;quot;: 5000,&amp;lt;br/&amp;gt;  &amp;quot;browserTimeout&amp;quot;: 0,&amp;lt;br/&amp;gt;  &amp;quot;timeout&amp;quot;: 1800,&amp;lt;br/&amp;gt;  &amp;quot;debug&amp;quot;: false&amp;lt;br/&amp;gt;}&amp;lt;/div&amp;gt;&amp;lt;/div&amp;gt;&amp;lt;/div&amp;gt;&amp;lt;a id=&amp;apos;config-view-toggle&amp;apos; href=&amp;apos;#&amp;apos;&amp;gt;View Config&amp;lt;/a&amp;gt;&amp;lt;/div&amp;gt;&amp;lt;/div&amp;gt;&amp;lt;/body&amp;gt;&amp;lt;/html&amp;gt;">
      <![CDATA[org.openqa.selenium.WebDriverException: Unable to parse remote response: <html><head><script src='/grid/resources/org/openqa/grid/images/jquery-3.1.1.min.js'></script><script src='/grid/resources/org/openqa/grid/images/consoleservlet.js'></script><link href='/grid/resources/org/openqa/grid/images/consoleservlet.css' rel='stylesheet' type='text/css' /><link href='/grid/resources/org/openqa/grid/images/favicon.ico' rel='icon' type='image/x-icon' /><title>Grid Console</title><style>.busy { opacity : 0.4;filter: alpha(opacity=40);}</style></head><body><div id='main-content'><div id='header'><h1><a href='/grid/console'>Selenium</a></h1><h2>Grid Console v.3.141.59</h2><div><a id='helplink' target='_blank' href='https://github.com/SeleniumHQ/selenium/wiki/Grid2'>Help</a></div></div><div id='left-column'><div class='proxy'><p class='proxyname'>DefaultRemoteProxy (version : 3.141.59)<p class='proxyid'>id : http://172.17.0.3:5555, OS : LINUX</p><div class='tabs'><ul><li class='tab' type='browsers'><a title='test slots' href='#'>Browsers</a></li><li class='tab' type='config'><a title='node configuration' href='#'>Configuration</a></li></ul></div><div class='content'><div type='browsers' class='content_detail'><p class='protocol' >WebDriver</p><p>v:75.0.3770.100<img src='/grid/resources/org/openqa/grid/images/chrome.png' width='16' height='16' title='{server:CONFIG_UUID=53842fac-9066-414c-bd0d-1eacb2df16df, seleniumProtocol=WebDriver, browserName=chrome, maxInstances=1, platformName=LINUX, version=75.0.3770.100, applicationName=, platform=LINUX}' />
</p></div><div type='config' class='content_detail'><p>browserTimeout: 0</p><p>debug: false</p><p>jettyMaxThreads: -1</p><p>host: 172.17.0.3</p><p>port: 5555</p><p>role: node</p><p>timeout: 1800</p><p>cleanUpCycle: 5000</p><p>maxSession: 1</p><p>capabilities: Capabilities {applicationName: , browserName: chrome, maxInstances: 1, platform: LINUX, platformName: LINUX, seleniumProtocol: WebDriver, server:CONFIG_UUID: 53842fac-9066-414c-bd0d-1ea..., version: 75.0.3770.100}</p><p>downPollingLimit: 2</p><p>hub: http://172.17.0.2:4444/grid/register</p><p>id: http://172.17.0.3:5555</p><p>nodePolling: 5000</p><p>nodeStatusCheckTimeout: 5000</p><p>proxy: org.openqa.grid.selenium.proxy.DefaultRemoteProxy</p><p>register: true</p><p>registerCycle: 5000</p><p>remoteHost: http://172.17.0.3:5555</p><p>unregisterIfStillDownAfter: 60000</p></div></div></div><div class='proxy'><p class='proxyname'>DefaultRemoteProxy (version : 3.141.59)<p class='proxyid'>id : http://172.17.0.4:5555, OS : LINUX</p><div class='tabs'><ul><li class='tab' type='browsers'><a title='test slots' href='#'>Browsers</a></li><li class='tab' type='config'><a title='node configuration' href='#'>Configuration</a></li></ul></div><div class='content'><div type='browsers' class='content_detail'><p class='protocol' >WebDriver</p><p>v:68.0<img src='/grid/resources/org/openqa/grid/images/firefox.png' width='16' height='16' title='{server:CONFIG_UUID=e6758fc5-1b03-40c1-9566-0de2e14665ed, seleniumProtocol=WebDriver, browserName=firefox, maxInstances=1, moz:firefoxOptions={log={level=info}}, platformName=LINUX, version=68.0, applicationName=, platform=LINUX}' />
</p></div><div type='config' class='content_detail'><p>browserTimeout: 0</p><p>debug: false</p><p>jettyMaxThreads: -1</p><p>host: 172.17.0.4</p><p>port: 5555</p><p>role: node</p><p>timeout: 1800</p><p>cleanUpCycle: 5000</p><p>maxSession: 1</p><p>capabilities: Capabilities {applicationName: , browserName: firefox, maxInstances: 1, moz:firefoxOptions: {log: {level: info}}, platform: LINUX, platformName: LINUX, seleniumProtocol: WebDriver, server:CONFIG_UUID: e6758fc5-1b03-40c1-9566-0de..., version: 68.0}</p><p>downPollingLimit: 2</p><p>hub: http://172.17.0.2:4444/grid/register</p><p>id: http://172.17.0.4:5555</p><p>nodePolling: 5000</p><p>nodeStatusCheckTimeout: 5000</p><p>proxy: org.openqa.grid.selenium.proxy.DefaultRemoteProxy</p><p>register: true</p><p>registerCycle: 5000</p><p>remoteHost: http://172.17.0.4:5555</p><p>unregisterIfStillDownAfter: 60000</p></div></div></div></div><div id='right-column'><div class='proxy'><p class='proxyname'>DefaultRemoteProxy (version : 3.141.59)<p class='proxyid'>id : http://172.17.0.5:5555, OS : LINUX</p><div class='tabs'><ul><li class='tab' type='browsers'><a title='test slots' href='#'>Browsers</a></li><li class='tab' type='config'><a title='node configuration' href='#'>Configuration</a></li></ul></div><div class='content'><div type='browsers' class='content_detail'><p class='protocol' >WebDriver</p><p>v:75.0.3770.100<img src='/grid/resources/org/openqa/grid/images/chrome.png' width='16' height='16' title='{server:CONFIG_UUID=f31c6dad-5ba0-4cef-b7c5-9d0aefd999ec, seleniumProtocol=WebDriver, browserName=chrome, maxInstances=1, platformName=LINUX, version=75.0.3770.100, applicationName=, platform=LINUX}' />
</p></div><div type='config' class='content_detail'><p>browserTimeout: 0</p><p>debug: false</p><p>jettyMaxThreads: -1</p><p>host: 172.17.0.5</p><p>port: 5555</p><p>role: node</p><p>timeout: 1800</p><p>cleanUpCycle: 5000</p><p>maxSession: 1</p><p>capabilities: Capabilities {applicationName: , browserName: chrome, maxInstances: 1, platform: LINUX, platformName: LINUX, seleniumProtocol: WebDriver, server:CONFIG_UUID: f31c6dad-5ba0-4cef-b7c5-9d0..., version: 75.0.3770.100}</p><p>downPollingLimit: 2</p><p>hub: http://172.17.0.2:4444/grid/register</p><p>id: http://172.17.0.5:5555</p><p>nodePolling: 5000</p><p>nodeStatusCheckTimeout: 5000</p><p>proxy: org.openqa.grid.selenium.proxy.DefaultRemoteProxy</p><p>register: true</p><p>registerCycle: 5000</p><p>remoteHost: http://172.17.0.5:5555</p><p>unregisterIfStillDownAfter: 60000</p></div></div></div><div class='proxy'><p class='proxyname'>DefaultRemoteProxy (version : 3.141.59)<p class='proxyid'>id : http://172.17.0.6:5555, OS : LINUX</p><div class='tabs'><ul><li class='tab' type='browsers'><a title='test slots' href='#'>Browsers</a></li><li class='tab' type='config'><a title='node configuration' href='#'>Configuration</a></li></ul></div><div class='content'><div type='browsers' class='content_detail'><p class='protocol' >WebDriver</p><p>v:68.0<img src='/grid/resources/org/openqa/grid/images/firefox.png' width='16' height='16' title='{server:CONFIG_UUID=6bc24c89-ef50-410b-8302-f88f89ffee31, seleniumProtocol=WebDriver, browserName=firefox, maxInstances=1, moz:firefoxOptions={log={level=info}}, platformName=LINUX, version=68.0, applicationName=, platform=LINUX}' />
</p></div><div type='config' class='content_detail'><p>browserTimeout: 0</p><p>debug: false</p><p>jettyMaxThreads: -1</p><p>host: 172.17.0.6</p><p>port: 5555</p><p>role: node</p><p>timeout: 1800</p><p>cleanUpCycle: 5000</p><p>maxSession: 1</p><p>capabilities: Capabilities {applicationName: , browserName: firefox, maxInstances: 1, moz:firefoxOptions: {log: {level: info}}, platform: LINUX, platformName: LINUX, seleniumProtocol: WebDriver, server:CONFIG_UUID: 6bc24c89-ef50-410b-8302-f88..., version: 68.0}</p><p>downPollingLimit: 2</p><p>hub: http://172.17.0.2:4444/grid/register</p><p>id: http://172.17.0.6:5555</p><p>nodePolling: 5000</p><p>nodeStatusCheckTimeout: 5000</p><p>proxy: org.openqa.grid.selenium.proxy.DefaultRemoteProxy</p><p>register: true</p><p>registerCycle: 5000</p><p>remoteHost: http://172.17.0.6:5555</p><p>unregisterIfStillDownAfter: 60000</p></div></div></div></div><div class='clearfix'></div><div><ul></ul></div><div id='hub-config-container'><div id='hub-config-content'><b>Config for the hub :</b><br/><abbr title='browserTimeout'>browserTimeout : </abbr>0</br><abbr title='debug'>debug : </abbr>false</br><abbr title='jettyMaxThreads'>jettyMaxThreads : </abbr>-1</br><abbr title='host'>host : </abbr>172.17.0.2</br><abbr title='port'>port : </abbr>4444</br><abbr title='role'>role : </abbr>hub</br><abbr title='timeout'>timeout : </abbr>1800</br><abbr title='cleanUpCycle'>cleanUpCycle : </abbr>5000</br><abbr title='capabilityMatcher'>capabilityMatcher : </abbr>org.openqa.grid.internal.utils.DefaultCapabilityMatcher</br><abbr title='newSessionWaitTimeout'>newSessionWaitTimeout : </abbr>-1</br><abbr title='throwOnCapabilityNotPresent'>throwOnCapabilityNotPresent : </abbr>true</br><abbr title='registry'>registry : </abbr>org.openqa.grid.internal.DefaultGridRegistry</br><div id='verbose-config-container'><a id='verbose-config-view-toggle' href='#'>View Verbose</a><div id='verbose-config-content'><br/><b>The final configuration comes from:</b><br/><b>the default :</b><br/><abbr title='browserTimeout'>browserTimeout : </abbr>0</br><abbr title='debug'>debug : </abbr>false</br><abbr title='host'>host : </abbr>0.0.0.0</br><abbr title='port'>port : </abbr>4444</br><abbr title='role'>role : </abbr>hub</br><abbr title='timeout'>timeout : </abbr>1800</br><abbr title='cleanUpCycle'>cleanUpCycle : </abbr>5000</br><abbr title='capabilityMatcher'>capabilityMatcher : </abbr>org.openqa.grid.internal.utils.DefaultCapabilityMatcher</br><abbr title='newSessionWaitTimeout'>newSessionWaitTimeout : </abbr>-1</br><abbr title='throwOnCapabilityNotPresent'>throwOnCapabilityNotPresent : </abbr>true</br><abbr title='registry'>registry : </abbr>org.openqa.grid.internal.DefaultGridRegistry</br><b>updated with command line options:</b><br/>-role hub -hubConfig /opt/selenium/config.json<br/><b>and configuration loaded from /opt/selenium/config.json:</b><br/>{<br/>  "host": "0.0.0.0",<br/>  "port": 4444,<br/>  "role": "hub",<br/>  "maxSession": 5,<br/>  "newSessionWaitTimeout": -1,<br/>  "capabilityMatcher": "org.openqa.grid.internal.utils.DefaultCapabilityMatcher",<br/>  "throwOnCapabilityNotPresent": true,<br/>  "jettyMaxThreads": -1,<br/>  "cleanUpCycle": 5000,<br/>  "browserTimeout": 0,<br/>  "timeout": 1800,<br/>  "debug": false<br/>}</div></div></div><a id='config-view-toggle' href='#'>View Config</a></div></div></body></html>
at org.openqa.selenium.remote.ProtocolHandshake.createSession(ProtocolHandshake.java:115)
at org.openqa.selenium.remote.ProtocolHandshake.createSession(ProtocolHandshake.java:74)
at org.openqa.selenium.remote.HttpCommandExecutor.execute(HttpCommandExecutor.java:136)
at org.openqa.selenium.remote.RemoteWebDriver.execute(RemoteWebDriver.java:552)
at org.openqa.selenium.remote.RemoteWebDriver.startSession(RemoteWebDriver.java:213)
at org.openqa.selenium.remote.RemoteWebDriver.<init>(RemoteWebDriver.java:131)
at org.openqa.selenium.remote.RemoteWebDriver.<init>(RemoteWebDriver.java:144)
at com.automationcalling.seleniumcore.DriverFactory.initializeRemoteDriver(DriverFactory.java:48)
at com.automationcalling.seleniumcore.DriverFactory.getBrowserInit(DriverFactory.java:29)
at com.automationcalling.seleniumcore.SeleniumUtil.returnDriver(SeleniumUtil.java:12)
at com.automation.pagefactory.Automationcallinghome.<init>(Automationcallinghome.java:20)
at com.automationcalling.testsuites.BasicTests.init(BasicTests.java:19)
at java.util.concurrent.FutureTask.run(FutureTask.java:266)
at java.util.concurrent.ThreadPoolExecutor.runWorker(ThreadPoolExecutor.java:1142)
at java.util.concurrent.ThreadPoolExecutor$Worker.run(ThreadPoolExecutor.java:617)
at java.lang.Thread.run(Thread.java:745)
Caused by: org.openqa.selenium.json.JsonException: Unable to determine type from: <. Last 1 characters read: <
Build info: version: '3.141.59', revision: 'e82be7d358', time: '2018-11-14T08:17:03'
System info: host: 'ESL008', ip: '10.0.75.1', os.name: 'Windows 10', os.arch: 'amd64', os.version: '10.0', java.version: '1.8.0_111'
Driver info: driver.version: RemoteWebDriver
at org.openqa.selenium.json.JsonInput.peek(JsonInput.java:122)
at org.openqa.selenium.json.JsonTypeCoercer.lambda$null$6(JsonTypeCoercer.java:140)
at org.openqa.selenium.json.JsonTypeCoercer.coerce(JsonTypeCoercer.java:126)
at org.openqa.selenium.json.Json.toType(Json.java:69)
at org.openqa.selenium.json.Json.toType(Json.java:55)
at org.openqa.selenium.json.Json.toType(Json.java:50)
at org.openqa.selenium.remote.ProtocolHandshake.createSession(ProtocolHandshake.java:112)
... 32 more
... Removed 17 stack frames]]>
    </failure>
  </testcase> <!-- @BeforeClass init -->
  <testcase name="@AfterClass tearDown" time="0.0" classname="com.automationcalling.testsuites.BasicTests">
    <skipped/>
  </testcase> <!-- @AfterClass tearDown -->
  <testcase name="articleLinkTest" time="0.0" classname="com.automationcalling.testsuites.BasicTests">
    <skipped/>
  </testcase> <!-- articleLinkTest -->
</testsuite> <!-- firefox_remote -->
