<?xml version="1.0" encoding="UTF-8"?>
<!-- Generated by org.testng.reporters.JUnitXMLReporter -->
<testsuite hostname="ESL008" ignored="0" name="safari_cloud" tests="1" failures="0" timestamp="23 Jul 2019 09:41:41 GMT" time="0.583" errors="0">
  <testcase name="@BeforeClass init" time="0.397" classname="com.automationcalling.testsuites.BasicTests">
    <failure type="java.lang.NullPointerException">
      <![CDATA[java.lang.NullPointerException
at com.automationcalling.seleniumcore.DriverFactory.initializeCloudDriver(DriverFactory.java:77)
at com.automationcalling.seleniumcore.DriverFactory.getBrowserInit(DriverFactory.java:33)
at com.automationcalling.seleniumcore.SeleniumUtil.returnDriver(SeleniumUtil.java:12)
at com.automation.pagefactory.Automationcallinghome.<init>(Automationcallinghome.java:20)
at com.automationcalling.testsuites.BasicTests.init(BasicTests.java:19)
at java.util.concurrent.FutureTask.run(FutureTask.java:266)
at java.util.concurrent.ThreadPoolExecutor.runWorker(ThreadPoolExecutor.java:1142)
at java.util.concurrent.ThreadPoolExecutor$Worker.run(ThreadPoolExecutor.java:617)
at java.lang.Thread.run(Thread.java:745)
... Removed 17 stack frames]]>
    </failure>
  </testcase> <!-- @BeforeClass init -->
  <testcase name="@AfterClass tearDown" time="0.0" classname="com.automationcalling.testsuites.BasicTests">
    <skipped/>
  </testcase> <!-- @AfterClass tearDown -->
  <testcase name="articleLinkTest" time="0.0" classname="com.automationcalling.testsuites.BasicTests">
    <skipped/>
  </testcase> <!-- articleLinkTest -->
</testsuite> <!-- safari_cloud -->
