<?xml version="1.0" encoding="UTF-8"?>
<testng-results skipped="0" failed="0" ignored="0" total="4" passed="4">
  <reporter-output>
  </reporter-output>
  <suite name="ParallelAutomation" duration-ms="467701" started-at="2019-07-24T06:25:33Z" finished-at="2019-07-24T06:33:21Z">
    <groups>
    </groups>
    <test name="Chrome_remote1" duration-ms="152411" started-at="2019-07-24T06:25:33Z" finished-at="2019-07-24T06:28:05Z">
      <class name="com.automationcalling.testsuites.BasicTests">
        <test-method status="PASS" signature="init(java.lang.String, java.lang.String)[pri:0, instance:com.automationcalling.testsuites.BasicTests@b7dd107]" name="init" is-config="true" duration-ms="148262" started-at="2019-07-24T06:25:33Z" finished-at="2019-07-24T06:28:01Z">
          <params>
            <param index="0">
              <value>
                <![CDATA[chrome]]>
              </value>
            </param>
            <param index="1">
              <value>
                <![CDATA[remote]]>
              </value>
            </param>
          </params>
          <reporter-output>
          </reporter-output>
        </test-method> <!-- init -->
        <test-method status="PASS" signature="articleLinkTest()[pri:0, instance:com.automationcalling.testsuites.BasicTests@b7dd107]" name="articleLinkTest" duration-ms="3412" started-at="2019-07-24T06:28:01Z" finished-at="2019-07-24T06:28:05Z">
          <reporter-output>
          </reporter-output>
        </test-method> <!-- articleLinkTest -->
        <test-method status="PASS" signature="tearDown()[pri:0, instance:com.automationcalling.testsuites.BasicTests@b7dd107]" name="tearDown" is-config="true" duration-ms="678" started-at="2019-07-24T06:28:05Z" finished-at="2019-07-24T06:28:05Z">
          <reporter-output>
          </reporter-output>
        </test-method> <!-- tearDown -->
      </class> <!-- com.automationcalling.testsuites.BasicTests -->
    </test> <!-- Chrome_remote1 -->
    <test name="firefox_remote2" duration-ms="89468" started-at="2019-07-24T06:28:05Z" finished-at="2019-07-24T06:29:35Z">
      <class name="com.automationcalling.testsuites.BasicTests">
        <test-method status="PASS" signature="init(java.lang.String, java.lang.String)[pri:0, instance:com.automationcalling.testsuites.BasicTests@4fb64261]" name="init" is-config="true" duration-ms="55559" started-at="2019-07-24T06:28:05Z" finished-at="2019-07-24T06:29:01Z">
          <params>
            <param index="0">
              <value>
                <![CDATA[firefox]]>
              </value>
            </param>
            <param index="1">
              <value>
                <![CDATA[remote]]>
              </value>
            </param>
          </params>
          <reporter-output>
          </reporter-output>
        </test-method> <!-- init -->
        <test-method status="PASS" signature="articleLinkTest()[pri:0, instance:com.automationcalling.testsuites.BasicTests@4fb64261]" name="articleLinkTest" duration-ms="9199" started-at="2019-07-24T06:29:01Z" finished-at="2019-07-24T06:29:10Z">
          <reporter-output>
          </reporter-output>
        </test-method> <!-- articleLinkTest -->
        <test-method status="PASS" signature="tearDown()[pri:0, instance:com.automationcalling.testsuites.BasicTests@4fb64261]" name="tearDown" is-config="true" duration-ms="24701" started-at="2019-07-24T06:29:10Z" finished-at="2019-07-24T06:29:35Z">
          <reporter-output>
          </reporter-output>
        </test-method> <!-- tearDown -->
      </class> <!-- com.automationcalling.testsuites.BasicTests -->
    </test> <!-- firefox_remote2 -->
    <test name="Chrome_remote" duration-ms="73260" started-at="2019-07-24T06:29:35Z" finished-at="2019-07-24T06:30:48Z">
      <class name="com.automationcalling.testsuites.BasicTests">
        <test-method status="PASS" signature="init(java.lang.String, java.lang.String)[pri:0, instance:com.automationcalling.testsuites.BasicTests@7276c8cd]" name="init" is-config="true" duration-ms="64144" started-at="2019-07-24T06:29:35Z" finished-at="2019-07-24T06:30:39Z">
          <params>
            <param index="0">
              <value>
                <![CDATA[chrome]]>
              </value>
            </param>
            <param index="1">
              <value>
                <![CDATA[remote]]>
              </value>
            </param>
          </params>
          <reporter-output>
          </reporter-output>
        </test-method> <!-- init -->
        <test-method status="PASS" signature="articleLinkTest()[pri:0, instance:com.automationcalling.testsuites.BasicTests@7276c8cd]" name="articleLinkTest" duration-ms="7072" started-at="2019-07-24T06:30:39Z" finished-at="2019-07-24T06:30:46Z">
          <reporter-output>
          </reporter-output>
        </test-method> <!-- articleLinkTest -->
        <test-method status="PASS" signature="tearDown()[pri:0, instance:com.automationcalling.testsuites.BasicTests@7276c8cd]" name="tearDown" is-config="true" duration-ms="2040" started-at="2019-07-24T06:30:46Z" finished-at="2019-07-24T06:30:48Z">
          <reporter-output>
          </reporter-output>
        </test-method> <!-- tearDown -->
      </class> <!-- com.automationcalling.testsuites.BasicTests -->
    </test> <!-- Chrome_remote -->
    <test name="firefox_remote" duration-ms="152482" started-at="2019-07-24T06:30:48Z" finished-at="2019-07-24T06:33:21Z">
      <class name="com.automationcalling.testsuites.BasicTests">
        <test-method status="PASS" signature="init(java.lang.String, java.lang.String)[pri:0, instance:com.automationcalling.testsuites.BasicTests@1786f9d5]" name="init" is-config="true" duration-ms="84796" started-at="2019-07-24T06:30:48Z" finished-at="2019-07-24T06:32:13Z">
          <params>
            <param index="0">
              <value>
                <![CDATA[firefox]]>
              </value>
            </param>
            <param index="1">
              <value>
                <![CDATA[remote]]>
              </value>
            </param>
          </params>
          <reporter-output>
          </reporter-output>
        </test-method> <!-- init -->
        <test-method status="PASS" signature="articleLinkTest()[pri:0, instance:com.automationcalling.testsuites.BasicTests@1786f9d5]" name="articleLinkTest" duration-ms="13058" started-at="2019-07-24T06:32:13Z" finished-at="2019-07-24T06:32:26Z">
          <reporter-output>
          </reporter-output>
        </test-method> <!-- articleLinkTest -->
        <test-method status="PASS" signature="tearDown()[pri:0, instance:com.automationcalling.testsuites.BasicTests@1786f9d5]" name="tearDown" is-config="true" duration-ms="54626" started-at="2019-07-24T06:32:26Z" finished-at="2019-07-24T06:33:21Z">
          <reporter-output>
          </reporter-output>
        </test-method> <!-- tearDown -->
      </class> <!-- com.automationcalling.testsuites.BasicTests -->
    </test> <!-- firefox_remote -->
  </suite> <!-- ParallelAutomation -->
</testng-results>
